# JRE version: Java(TM) SE Runtime Environment (8.0_66-b17) (build 1.8.0_66-b17)
# Java VM: Java HotSpot(TM) 64-Bit Server VM (25.66-b17 mixed mode linux-amd64 compressed oops)
Heap:
 PSYoungGen      total 219136K, used 39647K [0x000000076ab00000, 0x000000077ee00000, 0x00000007c0000000)
  eden space 174080K, 0% used [0x000000076ab00000,0x000000076ab00000,0x0000000775500000)
  from space 45056K, 87% used [0x0000000778800000,0x000000077aeb7c18,0x000000077b400000)
  to   space 52224K, 0% used [0x0000000775500000,0x0000000775500000,0x0000000778800000)
 ParOldGen       total 81408K, used 81026K [0x00000006c0000000, 0x00000006c4f80000, 0x000000076ab00000)
  object space 81408K, 99% used [0x00000006c0000000,0x00000006c4f20830,0x00000006c4f80000)
 Metaspace       used 6479K, capacity 7256K, committed 7424K, reserved 1056768K
  class space    used 612K, capacity 656K, committed 768K, reserved 1048576K
GC Heap History (10 events):
Event: 8.819 GC heap after
Heap after GC invocations=9 (full 0):
 PSYoungGen      total 140288K, used 20457K [0x000000076ab00000, 0x000000077a080000, 0x00000007c0000000)
  eden space 119808K, 0% used [0x000000076ab00000,0x000000076ab00000,0x0000000772000000)
  from space 20480K, 99% used [0x0000000772000000,0x00000007733fa5b0,0x0000000773400000)
  to   space 29696K, 0% used [0x0000000778380000,0x0000000778380000,0x000000077a080000)
 ParOldGen       total 42496K, used 37233K [0x00000006c0000000, 0x00000006c2980000, 0x000000076ab00000)
  object space 42496K, 87% used [0x00000006c0000000,0x00000006c245c788,0x00000006c2980000)
 Metaspace       used 6422K, capacity 7256K, committed 7424K, reserved 1056768K
  class space    used 611K, capacity 656K, committed 768K, reserved 1048576K
}
Event: 8.819 GC heap before
{Heap before GC invocations=10 (full 1):
 PSYoungGen      total 140288K, used 20457K [0x000000076ab00000, 0x000000077a080000, 0x00000007c0000000)
  eden space 119808K, 0% used [0x000000076ab00000,0x000000076ab00000,0x0000000772000000)
  from space 20480K, 99% used [0x0000000772000000,0x00000007733fa5b0,0x0000000773400000)
  to   space 29696K, 0% used [0x0000000778380000,0x0000000778380000,0x000000077a080000)
 ParOldGen       total 42496K, used 37233K [0x00000006c0000000, 0x00000006c2980000, 0x000000076ab00000)
  object space 42496K, 87% used [0x00000006c0000000,0x00000006c245c788,0x00000006c2980000)
 Metaspace       used 6422K, capacity 7256K, committed 7424K, reserved 1056768K
  class space    used 611K, capacity 656K, committed 768K, reserved 1048576K
Event: 10.152 GC heap after
Heap after GC invocations=10 (full 1):
 PSYoungGen      total 140288K, used 12249K [0x000000076ab00000, 0x000000077a080000, 0x00000007c0000000)
  eden space 119808K, 0% used [0x000000076ab00000,0x000000076ab00000,0x0000000772000000)
  from space 20480K, 59% used [0x0000000772000000,0x0000000772bf66d0,0x0000000773400000)
  to   space 29696K, 0% used [0x0000000778380000,0x0000000778380000,0x000000077a080000)
 ParOldGen       total 80896K, used 42476K [0x00000006c0000000, 0x00000006c4f00000, 0x000000076ab00000)
  object space 80896K, 52% used [0x00000006c0000000,0x00000006c297b150,0x00000006c4f00000)
 Metaspace       used 6422K, capacity 7256K, committed 7424K, reserved 1056768K
  class space    used 611K, capacity 656K, committed 768K, reserved 1048576K
}
Event: 12.185 GC heap before
{Heap before GC invocations=11 (full 1):
 PSYoungGen      total 140288K, used 132057K [0x000000076ab00000, 0x000000077a080000, 0x00000007c0000000)
  eden space 119808K, 100% used [0x000000076ab00000,0x0000000772000000,0x0000000772000000)
  from space 20480K, 59% used [0x0000000772000000,0x0000000772bf66d0,0x0000000773400000)
  to   space 29696K, 0% used [0x0000000778380000,0x0000000778380000,0x000000077a080000)
 ParOldGen       total 80896K, used 42476K [0x00000006c0000000, 0x00000006c4f00000, 0x000000076ab00000)
  object space 80896K, 52% used [0x00000006c0000000,0x00000006c297b150,0x00000006c4f00000)
 Metaspace       used 6453K, capacity 7256K, committed 7424K, reserved 1056768K
  class space    used 611K, capacity 656K, committed 768K, reserved 1048576K
Event: 12.313 GC heap after
Heap after GC invocations=11 (full 1):
 PSYoungGen      total 171520K, used 26252K [0x000000076ab00000, 0x0000000779d80000, 0x00000007c0000000)
  eden space 144896K, 0% used [0x000000076ab00000,0x000000076ab00000,0x0000000773880000)
  from space 26624K, 98% used [0x0000000778380000,0x0000000779d230c0,0x0000000779d80000)
  to   space 33792K, 0% used [0x0000000775b80000,0x0000000775b80000,0x0000000777c80000)
 ParOldGen       total 80896K, used 47396K [0x00000006c0000000, 0x00000006c4f00000, 0x000000076ab00000)
  object space 80896K, 58% used [0x00000006c0000000,0x00000006c2e49150,0x00000006c4f00000)
 Metaspace       used 6453K, capacity 7256K, committed 7424K, reserved 1056768K
  class space    used 611K, capacity 656K, committed 768K, reserved 1048576K
}
Event: 14.835 GC heap before
{Heap before GC invocations=12 (full 1):
 PSYoungGen      total 171520K, used 171148K [0x000000076ab00000, 0x0000000779d80000, 0x00000007c0000000)
  eden space 144896K, 100% used [0x000000076ab00000,0x0000000773880000,0x0000000773880000)
  from space 26624K, 98% used [0x0000000778380000,0x0000000779d230c0,0x0000000779d80000)
  to   space 33792K, 0% used [0x0000000775b80000,0x0000000775b80000,0x0000000777c80000)
 ParOldGen       total 80896K, used 47396K [0x00000006c0000000, 0x00000006c4f00000, 0x000000076ab00000)
  object space 80896K, 58% used [0x00000006c0000000,0x00000006c2e49150,0x00000006c4f00000)
 Metaspace       used 6467K, capacity 7256K, committed 7424K, reserved 1056768K
  class space    used 612K, capacity 656K, committed 768K, reserved 1048576K
Event: 15.314 GC heap after
Heap after GC invocations=12 (full 1):
 PSYoungGen      total 214528K, used 33768K [0x000000076ab00000, 0x000000077b400000, 0x00000007c0000000)
  eden space 180736K, 0% used [0x000000076ab00000,0x000000076ab00000,0x0000000775b80000)
  from space 33792K, 99% used [0x0000000775b80000,0x0000000777c7a018,0x0000000777c80000)
  to   space 45056K, 0% used [0x0000000778800000,0x0000000778800000,0x000000077b400000)
 ParOldGen       total 80896K, used 62656K [0x00000006c0000000, 0x00000006c4f00000, 0x000000076ab00000)
  object space 80896K, 77% used [0x00000006c0000000,0x00000006c3d30268,0x00000006c4f00000)
 Metaspace       used 6467K, capacity 7256K, committed 7424K, reserved 1056768K
  class space    used 612K, capacity 656K, committed 768K, reserved 1048576K
}
Event: 18.558 GC heap before
{Heap before GC invocations=13 (full 1):
 PSYoungGen      total 214528K, used 214504K [0x000000076ab00000, 0x000000077b400000, 0x00000007c0000000)
  eden space 180736K, 100% used [0x000000076ab00000,0x0000000775b80000,0x0000000775b80000)
  from space 33792K, 99% used [0x0000000775b80000,0x0000000777c7a018,0x0000000777c80000)
  to   space 45056K, 0% used [0x0000000778800000,0x0000000778800000,0x000000077b400000)
 ParOldGen       total 80896K, used 62656K [0x00000006c0000000, 0x00000006c4f00000, 0x000000076ab00000)
  object space 80896K, 77% used [0x00000006c0000000,0x00000006c3d30268,0x00000006c4f00000)
 Metaspace       used 6479K, capacity 7256K, committed 7424K, reserved 1056768K
  class space    used 612K, capacity 656K, committed 768K, reserved 1048576K
Event: 18.927 GC heap after
Heap after GC invocations=13 (full 1):
 PSYoungGen      total 219136K, used 43471K [0x000000076ab00000, 0x000000077ee00000, 0x00000007c0000000)
  eden space 174080K, 0% used [0x000000076ab00000,0x000000076ab00000,0x0000000775500000)
  from space 45056K, 96% used [0x0000000778800000,0x000000077b273e68,0x000000077b400000)
  to   space 52224K, 0% used [0x0000000775500000,0x0000000775500000,0x0000000778800000)
 ParOldGen       total 81408K, used 80952K [0x00000006c0000000, 0x00000006c4f80000, 0x000000076ab00000)
  object space 81408K, 99% used [0x00000006c0000000,0x00000006c4f0e358,0x00000006c4f80000)
 Metaspace       used 6479K, capacity 7256K, committed 7424K, reserved 1056768K
  class space    used 612K, capacity 656K, committed 768K, reserved 1048576K
}
Event: 19.053 GC heap before
{Heap before GC invocations=14 (full 2):
 PSYoungGen      total 219136K, used 43471K [0x000000076ab00000, 0x000000077ee00000, 0x00000007c0000000)
  eden space 174080K, 0% used [0x000000076ab00000,0x000000076ab00000,0x0000000775500000)
  from space 45056K, 96% used [0x0000000778800000,0x000000077b273e68,0x000000077b400000)
  to   space 52224K, 0% used [0x0000000775500000,0x0000000775500000,0x0000000778800000)
 ParOldGen       total 81408K, used 80952K [0x00000006c0000000, 0x00000006c4f80000, 0x000000076ab00000)
  object space 81408K, 99% used [0x00000006c0000000,0x00000006c4f0e358,0x00000006c4f80000)
 Metaspace       used 6479K, capacity 7256K, committed 7424K, reserved 1056768K
  class space    used 612K, capacity 656K, committed 768K, reserved 1048576K

