# JRE version: Java(TM) SE Runtime Environment (8.0_66-b17) (build 1.8.0_66-b17)
# Java VM: Java HotSpot(TM) 64-Bit Server VM (25.66-b17 mixed mode linux-amd64 compressed oops)
Heap:
 PSYoungGen      total 138240K, used 13290K [0x000000076ab00000, 0x0000000774100000, 0x00000007c0000000)
  eden space 124928K, 0% used [0x000000076ab00000,0x000000076ab00000,0x0000000772500000)
  from space 13312K, 99% used [0x0000000772500000,0x00000007731faa90,0x0000000773200000)
  to   space 11264K, 0% used [0x0000000773200000,0x0000000773200000,0x0000000773d00000)
 ParOldGen       total 42496K, used 42304K [0x00000006c0000000, 0x00000006c2980000, 0x000000076ab00000)
  object space 42496K, 99% used [0x00000006c0000000,0x00000006c2950248,0x00000006c2980000)
 Metaspace       used 6288K, capacity 7216K, committed 7296K, reserved 1056768K
  class space    used 595K, capacity 616K, committed 640K, reserved 1048576K
GC Heap History (10 events):
Event: 1.805 GC heap after
Heap after GC invocations=2 (full 0):
 PSYoungGen      total 34304K, used 2546K [0x000000076ab00000, 0x000000076cf00000, 0x00000007c0000000)
  eden space 31744K, 0% used [0x000000076ab00000,0x000000076ab00000,0x000000076ca00000)
  from space 2560K, 99% used [0x000000076cc80000,0x000000076cefca80,0x000000076cf00000)
  to   space 2560K, 0% used [0x000000076ca00000,0x000000076ca00000,0x000000076cc80000)
 ParOldGen       total 42496K, used 5441K [0x00000006c0000000, 0x00000006c2980000, 0x000000076ab00000)
  object space 42496K, 12% used [0x00000006c0000000,0x00000006c05507e0,0x00000006c2980000)
 Metaspace       used 5770K, capacity 6896K, committed 7040K, reserved 1056768K
  class space    used 572K, capacity 616K, committed 640K, reserved 1048576K
}
Event: 2.028 GC heap before
{Heap before GC invocations=3 (full 0):
 PSYoungGen      total 34304K, used 34290K [0x000000076ab00000, 0x000000076cf00000, 0x00000007c0000000)
  eden space 31744K, 100% used [0x000000076ab00000,0x000000076ca00000,0x000000076ca00000)
  from space 2560K, 99% used [0x000000076cc80000,0x000000076cefca80,0x000000076cf00000)
  to   space 2560K, 0% used [0x000000076ca00000,0x000000076ca00000,0x000000076cc80000)
 ParOldGen       total 42496K, used 5441K [0x00000006c0000000, 0x00000006c2980000, 0x000000076ab00000)
  object space 42496K, 12% used [0x00000006c0000000,0x00000006c05507e0,0x00000006c2980000)
 Metaspace       used 5893K, capacity 7024K, committed 7296K, reserved 1056768K
  class space    used 577K, capacity 616K, committed 640K, reserved 1048576K
Event: 2.048 GC heap after
Heap after GC invocations=3 (full 0):
 PSYoungGen      total 34304K, used 2543K [0x000000076ab00000, 0x000000076ee00000, 0x00000007c0000000)
  eden space 31744K, 0% used [0x000000076ab00000,0x000000076ab00000,0x000000076ca00000)
  from space 2560K, 99% used [0x000000076ca00000,0x000000076cc7bed0,0x000000076cc80000)
  to   space 2560K, 0% used [0x000000076eb80000,0x000000076eb80000,0x000000076ee00000)
 ParOldGen       total 42496K, used 10012K [0x00000006c0000000, 0x00000006c2980000, 0x000000076ab00000)
  object space 42496K, 23% used [0x00000006c0000000,0x00000006c09c7308,0x00000006c2980000)
 Metaspace       used 5893K, capacity 7024K, committed 7296K, reserved 1056768K
  class space    used 577K, capacity 616K, committed 640K, reserved 1048576K
}
Event: 2.334 GC heap before
{Heap before GC invocations=4 (full 0):
 PSYoungGen      total 34304K, used 34287K [0x000000076ab00000, 0x000000076ee00000, 0x00000007c0000000)
  eden space 31744K, 100% used [0x000000076ab00000,0x000000076ca00000,0x000000076ca00000)
  from space 2560K, 99% used [0x000000076ca00000,0x000000076cc7bed0,0x000000076cc80000)
  to   space 2560K, 0% used [0x000000076eb80000,0x000000076eb80000,0x000000076ee00000)
 ParOldGen       total 42496K, used 10012K [0x00000006c0000000, 0x00000006c2980000, 0x000000076ab00000)
  object space 42496K, 23% used [0x00000006c0000000,0x00000006c09c7308,0x00000006c2980000)
 Metaspace       used 6063K, capacity 7088K, committed 7296K, reserved 1056768K
  class space    used 595K, capacity 616K, committed 640K, reserved 1048576K
Event: 2.359 GC heap after
Heap after GC invocations=4 (full 0):
 PSYoungGen      total 66048K, used 2559K [0x000000076ab00000, 0x000000076ee00000, 0x00000007c0000000)
  eden space 63488K, 0% used [0x000000076ab00000,0x000000076ab00000,0x000000076e900000)
  from space 2560K, 99% used [0x000000076eb80000,0x000000076edffe68,0x000000076ee00000)
  to   space 2560K, 0% used [0x000000076e900000,0x000000076e900000,0x000000076eb80000)
 ParOldGen       total 42496K, used 14047K [0x00000006c0000000, 0x00000006c2980000, 0x000000076ab00000)
  object space 42496K, 33% used [0x00000006c0000000,0x00000006c0db7e18,0x00000006c2980000)
 Metaspace       used 6063K, capacity 7088K, committed 7296K, reserved 1056768K
  class space    used 595K, capacity 616K, committed 640K, reserved 1048576K
}
Event: 3.615 GC heap before
{Heap before GC invocations=5 (full 0):
 PSYoungGen      total 66048K, used 66047K [0x000000076ab00000, 0x000000076ee00000, 0x00000007c0000000)
  eden space 63488K, 100% used [0x000000076ab00000,0x000000076e900000,0x000000076e900000)
  from space 2560K, 99% used [0x000000076eb80000,0x000000076edffe68,0x000000076ee00000)
  to   space 2560K, 0% used [0x000000076e900000,0x000000076e900000,0x000000076eb80000)
 ParOldGen       total 42496K, used 14047K [0x00000006c0000000, 0x00000006c2980000, 0x000000076ab00000)
  object space 42496K, 33% used [0x00000006c0000000,0x00000006c0db7e18,0x00000006c2980000)
 Metaspace       used 6191K, capacity 7152K, committed 7296K, reserved 1056768K
  class space    used 595K, capacity 616K, committed 640K, reserved 1048576K
Event: 3.654 GC heap after
Heap after GC invocations=5 (full 0):
 PSYoungGen      total 66048K, used 2529K [0x000000076ab00000, 0x0000000773d00000, 0x00000007c0000000)
  eden space 63488K, 0% used [0x000000076ab00000,0x000000076ab00000,0x000000076e900000)
  from space 2560K, 98% used [0x000000076e900000,0x000000076eb78598,0x000000076eb80000)
  to   space 11264K, 0% used [0x0000000773200000,0x0000000773200000,0x0000000773d00000)
 ParOldGen       total 42496K, used 22830K [0x00000006c0000000, 0x00000006c2980000, 0x000000076ab00000)
  object space 42496K, 53% used [0x00000006c0000000,0x00000006c164ba18,0x00000006c2980000)
 Metaspace       used 6191K, capacity 7152K, committed 7296K, reserved 1056768K
  class space    used 595K, capacity 616K, committed 640K, reserved 1048576K
}
Event: 4.121 GC heap before
{Heap before GC invocations=6 (full 0):
 PSYoungGen      total 66048K, used 66017K [0x000000076ab00000, 0x0000000773d00000, 0x00000007c0000000)
  eden space 63488K, 100% used [0x000000076ab00000,0x000000076e900000,0x000000076e900000)
  from space 2560K, 98% used [0x000000076e900000,0x000000076eb78598,0x000000076eb80000)
  to   space 11264K, 0% used [0x0000000773200000,0x0000000773200000,0x0000000773d00000)
 ParOldGen       total 42496K, used 22830K [0x00000006c0000000, 0x00000006c2980000, 0x000000076ab00000)
  object space 42496K, 53% used [0x00000006c0000000,0x00000006c164ba18,0x00000006c2980000)
 Metaspace       used 6242K, capacity 7216K, committed 7296K, reserved 1056768K
  class space    used 595K, capacity 616K, committed 640K, reserved 1048576K
Event: 4.194 GC heap after
Heap after GC invocations=6 (full 0):
 PSYoungGen      total 136192K, used 11253K [0x000000076ab00000, 0x0000000774100000, 0x00000007c0000000)
  eden space 124928K, 0% used [0x000000076ab00000,0x000000076ab00000,0x0000000772500000)
  from space 11264K, 99% used [0x0000000773200000,0x0000000773cfd4e0,0x0000000773d00000)
  to   space 13312K, 0% used [0x0000000772500000,0x0000000772500000,0x0000000773200000)
 ParOldGen       total 42496K, used 23150K [0x00000006c0000000, 0x00000006c2980000, 0x000000076ab00000)
  object space 42496K, 54% used [0x00000006c0000000,0x00000006c169ba18,0x00000006c2980000)
 Metaspace       used 6242K, capacity 7216K, committed 7296K, reserved 1056768K
  class space    used 595K, capacity 616K, committed 640K, reserved 1048576K
}
Event: 4.904 GC heap before
{Heap before GC invocations=7 (full 0):
 PSYoungGen      total 136192K, used 136181K [0x000000076ab00000, 0x0000000774100000, 0x00000007c0000000)
  eden space 124928K, 100% used [0x000000076ab00000,0x0000000772500000,0x0000000772500000)
  from space 11264K, 99% used [0x0000000773200000,0x0000000773cfd4e0,0x0000000773d00000)
  to   space 13312K, 0% used [0x0000000772500000,0x0000000772500000,0x0000000773200000)
 ParOldGen       total 42496K, used 23150K [0x00000006c0000000, 0x00000006c2980000, 0x000000076ab00000)
  object space 42496K, 54% used [0x00000006c0000000,0x00000006c169ba18,0x00000006c2980000)
 Metaspace       used 6288K, capacity 7216K, committed 7296K, reserved 1056768K
  class space    used 595K, capacity 616K, committed 640K, reserved 1048576K

